<?xml version="1.0" encoding="UTF-8"?>
<testng-results ignored="0" total="6" passed="5" failed="1" skipped="0">
  <reporter-output>
  </reporter-output>
  <suite started-at="2025-04-22T01:22:44 IST" name="Suite" finished-at="2025-04-22T01:23:18 IST" duration-ms="34208">
    <groups>
    </groups>
    <test started-at="2025-04-22T01:22:44 IST" name="Test" finished-at="2025-04-22T01:23:18 IST" duration-ms="34208">
      <class name="com.swaglabs.testcases.TC_ProductOrderTest">
        <test-method is-config="true" signature="setup()[pri:0, instance:com.swaglabs.testcases.TC_ProductOrderTest@38102d01]" started-at="2025-04-22T01:23:10 IST" name="setup" finished-at="2025-04-22T01:23:13 IST" duration-ms="2363" status="PASS">
          <reporter-output>
          </reporter-output>
        </test-method> <!-- setup -->
        <test-method signature="productOrder(java.lang.String,java.lang.String,java.lang.String)[pri:0, instance:com.swaglabs.testcases.TC_ProductOrderTest@38102d01]" started-at="2025-04-22T01:23:13 IST" name="productOrder" data-provider="CheckoutInfoTestData" finished-at="2025-04-22T01:23:16 IST" duration-ms="3589" status="PASS">
          <params>
            <param index="0">
              <value>
                <![CDATA[Shubham]]>
              </value>
            </param>
            <param index="1">
              <value>
                <![CDATA[Verma]]>
              </value>
            </param>
            <param index="2">
              <value>
                <![CDATA[500088]]>
              </value>
            </param>
          </params>
          <reporter-output>
          </reporter-output>
        </test-method> <!-- productOrder -->
        <test-method is-config="true" signature="tearDown()[pri:0, instance:com.swaglabs.testcases.TC_ProductOrderTest@38102d01]" started-at="2025-04-22T01:23:16 IST" name="tearDown" finished-at="2025-04-22T01:23:18 IST" duration-ms="1396" status="PASS">
          <reporter-output>
          </reporter-output>
        </test-method> <!-- tearDown -->
      </class> <!-- com.swaglabs.testcases.TC_ProductOrderTest -->
      <class name="com.swaglabs.testcases.TC_LoginPageTest">
        <test-method is-config="true" signature="setup()[pri:0, instance:com.swaglabs.testcases.TC_LoginPageTest@6aaceffd]" started-at="2025-04-22T01:22:44 IST" name="setup" finished-at="2025-04-22T01:22:47 IST" duration-ms="3247" status="PASS">
          <reporter-output>
          </reporter-output>
        </test-method> <!-- setup -->
        <test-method signature="verifyLogin(java.lang.String,java.lang.String)[pri:0, instance:com.swaglabs.testcases.TC_LoginPageTest@6aaceffd]" started-at="2025-04-22T01:22:49 IST" name="verifyLogin" data-provider="LoginDataProvider" finished-at="2025-04-22T01:22:52 IST" duration-ms="3665" status="PASS">
          <params>
            <param index="0">
              <value>
                <![CDATA[standard_user]]>
              </value>
            </param>
            <param index="1">
              <value>
                <![CDATA[secret_sauce]]>
              </value>
            </param>
          </params>
          <reporter-output>
          </reporter-output>
        </test-method> <!-- verifyLogin -->
        <test-method signature="verifyLogin(java.lang.String,java.lang.String)[pri:0, instance:com.swaglabs.testcases.TC_LoginPageTest@6aaceffd]" started-at="2025-04-22T01:22:52 IST" name="verifyLogin" data-provider="LoginDataProvider" finished-at="2025-04-22T01:22:53 IST" duration-ms="783" status="FAIL">
          <params>
            <param index="0">
              <value>
                <![CDATA[locked_out_user]]>
              </value>
            </param>
            <param index="1">
              <value>
                <![CDATA[secret_sauce]]>
              </value>
            </param>
          </params>
          <exception class="java.lang.AssertionError">
            <message>
              <![CDATA[Login failed for credentials: locked_out_user / secret_sauce]]>
            </message>
            <full-stacktrace>
              <![CDATA[java.lang.AssertionError: Login failed for credentials: locked_out_user / secret_sauce
at org.testng.Assert.fail(Assert.java:111)
at com.swaglabs.testcases.TC_LoginPageTest.verifyLogin(TC_LoginPageTest.java:38)
at java.base/jdk.internal.reflect.DirectMethodHandleAccessor.invoke(DirectMethodHandleAccessor.java:103)
at java.base/java.lang.reflect.Method.invoke(Method.java:580)
at org.testng.internal.invokers.MethodInvocationHelper.invokeMethod(MethodInvocationHelper.java:141)
at org.testng.internal.invokers.TestInvoker.invokeMethod(TestInvoker.java:687)
at org.testng.internal.invokers.TestInvoker.invokeTestMethod(TestInvoker.java:230)
at org.testng.internal.invokers.MethodRunner.runInSequence(MethodRunner.java:63)
at org.testng.internal.invokers.TestInvoker$MethodInvocationAgent.invoke(TestInvoker.java:995)
at org.testng.internal.invokers.TestInvoker.invokeTestMethods(TestInvoker.java:203)
at org.testng.internal.invokers.TestMethodWorker.invokeTestMethods(TestMethodWorker.java:154)
at org.testng.internal.invokers.TestMethodWorker.run(TestMethodWorker.java:134)
at java.base/java.util.ArrayList.forEach(ArrayList.java:1597)
at org.testng.TestRunner.privateRun(TestRunner.java:741)
at org.testng.TestRunner.run(TestRunner.java:616)
at org.testng.SuiteRunner.runTest(SuiteRunner.java:421)
at org.testng.SuiteRunner.runSequentially(SuiteRunner.java:413)
at org.testng.SuiteRunner.privateRun(SuiteRunner.java:373)
at org.testng.SuiteRunner.run(SuiteRunner.java:312)
at org.testng.SuiteRunnerWorker.runSuite(SuiteRunnerWorker.java:52)
at org.testng.SuiteRunnerWorker.run(SuiteRunnerWorker.java:95)
at org.testng.TestNG.runSuitesSequentially(TestNG.java:1274)
at org.testng.TestNG.runSuitesLocally(TestNG.java:1208)
at org.testng.TestNG.runSuites(TestNG.java:1112)
at org.testng.TestNG.run(TestNG.java:1079)
at org.testng.remote.AbstractRemoteTestNG.run(AbstractRemoteTestNG.java:115)
at org.testng.remote.RemoteTestNG.initAndRun(RemoteTestNG.java:293)
at org.testng.remote.RemoteTestNG.main(RemoteTestNG.java:91)
]]>
            </full-stacktrace>
          </exception> <!-- java.lang.AssertionError -->
          <reporter-output>
          </reporter-output>
        </test-method> <!-- verifyLogin -->
        <test-method signature="verifyLogin(java.lang.String,java.lang.String)[pri:0, instance:com.swaglabs.testcases.TC_LoginPageTest@6aaceffd]" started-at="2025-04-22T01:22:53 IST" name="verifyLogin" data-provider="LoginDataProvider" finished-at="2025-04-22T01:22:54 IST" duration-ms="955" status="PASS">
          <params>
            <param index="0">
              <value>
                <![CDATA[problem_user]]>
              </value>
            </param>
            <param index="1">
              <value>
                <![CDATA[secret_sauce]]>
              </value>
            </param>
          </params>
          <reporter-output>
          </reporter-output>
        </test-method> <!-- verifyLogin -->
        <test-method signature="verifyLogin(java.lang.String,java.lang.String)[pri:0, instance:com.swaglabs.testcases.TC_LoginPageTest@6aaceffd]" started-at="2025-04-22T01:22:54 IST" name="verifyLogin" data-provider="LoginDataProvider" finished-at="2025-04-22T01:23:00 IST" duration-ms="5807" status="PASS">
          <params>
            <param index="0">
              <value>
                <![CDATA[performance_glitch_user]]>
              </value>
            </param>
            <param index="1">
              <value>
                <![CDATA[secret_sauce]]>
              </value>
            </param>
          </params>
          <reporter-output>
          </reporter-output>
        </test-method> <!-- verifyLogin -->
        <test-method is-config="true" signature="tearDown()[pri:0, instance:com.swaglabs.testcases.TC_LoginPageTest@6aaceffd]" started-at="2025-04-22T01:23:00 IST" name="tearDown" finished-at="2025-04-22T01:23:01 IST" duration-ms="1431" status="PASS">
          <reporter-output>
          </reporter-output>
        </test-method> <!-- tearDown -->
      </class> <!-- com.swaglabs.testcases.TC_LoginPageTest -->
      <class name="com.swaglabs.testcases.TC_InventoryPageTest">
        <test-method is-config="true" signature="setup()[pri:0, instance:com.swaglabs.testcases.TC_InventoryPageTest@4c309d4d]" started-at="2025-04-22T01:23:01 IST" name="setup" finished-at="2025-04-22T01:23:03 IST" duration-ms="2141" status="PASS">
          <reporter-output>
          </reporter-output>
        </test-method> <!-- setup -->
        <test-method signature="verifyInventoryPageFunctionality()[pri:0, instance:com.swaglabs.testcases.TC_InventoryPageTest@4c309d4d]" started-at="2025-04-22T01:23:03 IST" name="verifyInventoryPageFunctionality" finished-at="2025-04-22T01:23:09 IST" duration-ms="5229" status="PASS">
          <reporter-output>
          </reporter-output>
        </test-method> <!-- verifyInventoryPageFunctionality -->
        <test-method is-config="true" signature="tearDown()[pri:0, instance:com.swaglabs.testcases.TC_InventoryPageTest@4c309d4d]" started-at="2025-04-22T01:23:09 IST" name="tearDown" finished-at="2025-04-22T01:23:10 IST" duration-ms="1462" status="PASS">
          <reporter-output>
          </reporter-output>
        </test-method> <!-- tearDown -->
      </class> <!-- com.swaglabs.testcases.TC_InventoryPageTest -->
    </test> <!-- Test -->
  </suite> <!-- Suite -->
</testng-results>
